#
# There is insufficient memory for the Java Runtime Environment to continue.
# Native memory allocation (malloc) failed to allocate 163936 bytes for Chunk::new
# Possible reasons:
#   The system is out of physical RAM or swap space
#   The process is running with CompressedOops enabled, and the Java Heap may be blocking the growth of the native heap
# Possible solutions:
#   Reduce memory load on the system
#   Increase physical memory or swap space
#   Check if swap backing store is full
#   Decrease Java heap size (-Xmx/-Xms)
#   Decrease number of Java threads
#   Decrease Java thread stack sizes (-Xss)
#   Set larger code cache with -XX:ReservedCodeCacheSize=
#   JVM is running with Unscaled Compressed Oops mode in which the Java heap is
#     placed in the first 4GB address space. The Java Heap base address is the
#     maximum limit for the native heap growth. Please use -XX:HeapBaseMinAddress
#     to set the Java Heap base and to place the Java Heap above 4GB virtual address.
# This output file may be truncated or incomplete.
#
#  Out of Memory Error (./src/hotspot/share/memory/arena.cpp:197), pid=7104, tid=17208
#
# JRE version: OpenJDK Runtime Environment (11.0.12+7) (build 11.0.12+7-b1504.28-7817840)
# Java VM: OpenJDK 64-Bit Server VM (11.0.12+7-b1504.28-7817840, mixed mode, tiered, compressed oops, g1 gc, windows-amd64)
# No core dump will be written. Minidumps are not enabled by default on client versions of Windows
#

---------------  S U M M A R Y ------------

Command Line: --add-opens=java.base/java.util=ALL-UNNAMED --add-opens=java.base/java.lang=ALL-UNNAMED --add-opens=java.base/java.lang.invoke=ALL-UNNAMED --add-opens=java.base/java.util=ALL-UNNAMED --add-opens=java.prefs/java.util.prefs=ALL-UNNAMED --add-opens=java.prefs/java.util.prefs=ALL-UNNAMED --add-opens=java.base/java.nio.charset=ALL-UNNAMED --add-opens=java.base/java.net=ALL-UNNAMED --add-opens=java.base/java.util.concurrent.atomic=ALL-UNNAMED -Xmx2048m -Dfile.encoding=UTF-8 -Duser.country=IN -Duser.language=en -Duser.variant org.gradle.launcher.daemon.bootstrap.GradleDaemon 7.3.3

Host: Intel(R) Core(TM) i5-8300H CPU @ 2.30GHz, 8 cores, 11G,  Windows 10 , 64 bit Build 22621 (10.0.22621.436)
Time: Mon Aug 22 10:57:56 2022 India Standard Time elapsed time: 27.242853 seconds (0d 0h 0m 27s)

---------------  T H R E A D  ---------------

Current thread (0x000002ac196ac000):  JavaThread "C2 CompilerThread0" daemon [_thread_in_native, id=17208, stack(0x000000b082e00000,0x000000b082f00000)]


Current CompileTask:
C2:  27243 3937       4       jdk.internal.reflect.ClassFileAssembler::emitConstantPoolUTF8 (50 bytes)

Stack: [0x000000b082e00000,0x000000b082f00000]
Native frames: (J=compiled Java code, j=interpreted, Vv=VM code, C=native code)
V  [jvm.dll+0x5fbcea]
V  [jvm.dll+0x731905]
V  [jvm.dll+0x732f1d]
V  [jvm.dll+0x7335d3]
V  [jvm.dll+0x247bf8]
V  [jvm.dll+0xc018c]
V  [jvm.dll+0xc06cc]
V  [jvm.dll+0x2bcc04]
V  [jvm.dll+0x5113a8]
V  [jvm.dll+0x201d61]
V  [jvm.dll+0x1ff71f]
V  [jvm.dll+0x18868c]
V  [jvm.dll+0x20e0d7]
V  [jvm.dll+0x20c901]
V  [jvm.dll+0x6f9b7f]
V  [jvm.dll+0x6f26a5]
V  [jvm.dll+0x5fabf6]
C  [ucrtbase.dll+0x29363]
C  [KERNEL32.DLL+0x1244d]
C  [ntdll.dll+0x5df78]


---------------  P R O C E S S  ---------------

Threads class SMR info:
_java_thread_list=0x000002ac1d84ffc0, length=35, elements={
0x000002ac7c88e000, 0x000002ac18e3f000, 0x000002ac18e4a800, 0x000002ac196a6000,
0x000002ac196a7000, 0x000002ac196aa000, 0x000002ac196ac000, 0x000002ac196ad800,
0x000002ac196b5800, 0x000002ac1984f800, 0x000002ac1a97c000, 0x000002ac1b7cd800,
0x000002ac1aeeb800, 0x000002ac1aba1800, 0x000002ac1b7e2000, 0x000002ac1a370800,
0x000002ac1a376000, 0x000002ac19c03800, 0x000002ac1a2f6000, 0x000002ac1a2fa000,
0x000002ac1a2f7800, 0x000002ac1a2fa800, 0x000002ac1a2fc800, 0x000002ac1a2f8800,
0x000002ac1a2f9000, 0x000002ac1a2fb800, 0x000002ac1a2f6800, 0x000002ac1a8d9000,
0x000002ac1a8db000, 0x000002ac1a8d8800, 0x000002ac1a8db800, 0x000002ac1a8d6000,
0x000002ac1a8d6800, 0x000002ac1a8dd800, 0x000002ac1a8d7800
}

Java Threads: ( => current thread )
  0x000002ac7c88e000 JavaThread "main" [_thread_blocked, id=2852, stack(0x000000b082200000,0x000000b082300000)]
  0x000002ac18e3f000 JavaThread "Reference Handler" daemon [_thread_blocked, id=10104, stack(0x000000b082900000,0x000000b082a00000)]
  0x000002ac18e4a800 JavaThread "Finalizer" daemon [_thread_blocked, id=13008, stack(0x000000b082a00000,0x000000b082b00000)]
  0x000002ac196a6000 JavaThread "Signal Dispatcher" daemon [_thread_blocked, id=6600, stack(0x000000b082b00000,0x000000b082c00000)]
  0x000002ac196a7000 JavaThread "Attach Listener" daemon [_thread_blocked, id=5384, stack(0x000000b082c00000,0x000000b082d00000)]
  0x000002ac196aa000 JavaThread "Service Thread" daemon [_thread_blocked, id=17664, stack(0x000000b082d00000,0x000000b082e00000)]
=>0x000002ac196ac000 JavaThread "C2 CompilerThread0" daemon [_thread_in_native, id=17208, stack(0x000000b082e00000,0x000000b082f00000)]
  0x000002ac196ad800 JavaThread "C1 CompilerThread0" daemon [_thread_blocked, id=19184, stack(0x000000b082f00000,0x000000b083000000)]
  0x000002ac196b5800 JavaThread "Sweeper thread" daemon [_thread_blocked, id=13564, stack(0x000000b083000000,0x000000b083100000)]
  0x000002ac1984f800 JavaThread "Common-Cleaner" daemon [_thread_blocked, id=6552, stack(0x000000b083100000,0x000000b083200000)]
  0x000002ac1a97c000 JavaThread "Daemon health stats" [_thread_blocked, id=8568, stack(0x000000b083600000,0x000000b083700000)]
  0x000002ac1b7cd800 JavaThread "Incoming local TCP Connector on port 50345" [_thread_in_native, id=4384, stack(0x000000b083700000,0x000000b083800000)]
  0x000002ac1aeeb800 JavaThread "Daemon periodic checks" [_thread_blocked, id=3648, stack(0x000000b083800000,0x000000b083900000)]
  0x000002ac1aba1800 JavaThread "Daemon" [_thread_blocked, id=7576, stack(0x000000b083900000,0x000000b083a00000)]
  0x000002ac1b7e2000 JavaThread "Handler for socket connection from /127.0.0.1:50345 to /127.0.0.1:50346" [_thread_in_native, id=18896, stack(0x000000b083a00000,0x000000b083b00000)]
  0x000002ac1a370800 JavaThread "Cancel handler" [_thread_blocked, id=8860, stack(0x000000b083b00000,0x000000b083c00000)]
  0x000002ac1a376000 JavaThread "Daemon worker" [_thread_in_native, id=7468, stack(0x000000b083c00000,0x000000b083d00000)]
  0x000002ac19c03800 JavaThread "Asynchronous log dispatcher for DefaultDaemonConnection: socket connection from /127.0.0.1:50345 to /127.0.0.1:50346" [_thread_blocked, id=2644, stack(0x000000b083d00000,0x000000b083e00000)]
  0x000002ac1a2f6000 JavaThread "Stdin handler" [_thread_blocked, id=19424, stack(0x000000b083e00000,0x000000b083f00000)]
  0x000002ac1a2fa000 JavaThread "Daemon client event forwarder" [_thread_blocked, id=2004, stack(0x000000b083f00000,0x000000b084000000)]
  0x000002ac1a2f7800 JavaThread "Cache worker for journal cache (D:\BrainBooster\caches\journal-1)" [_thread_blocked, id=2572, stack(0x000000b084000000,0x000000b084100000)]
  0x000002ac1a2fa800 JavaThread "File lock request listener" [_thread_in_native, id=19384, stack(0x000000b084100000,0x000000b084200000)]
  0x000002ac1a2fc800 JavaThread "Cache worker for file hash cache (D:\BrainBooster\caches\7.3.3\fileHashes)" [_thread_blocked, id=18532, stack(0x000000b084200000,0x000000b084300000)]
  0x000002ac1a2f8800 JavaThread "Cache worker for file hash cache (D:\ksApp\KnowledgeSpaceApk\.gradle\7.3.3\fileHashes)" [_thread_blocked, id=8740, stack(0x000000b084800000,0x000000b084900000)]
  0x000002ac1a2f9000 JavaThread "File watcher server" daemon [_thread_in_native, id=5088, stack(0x000000b084900000,0x000000b084a00000)]
  0x000002ac1a2fb800 JavaThread "File watcher consumer" daemon [_thread_blocked, id=11100, stack(0x000000b084a00000,0x000000b084b00000)]
  0x000002ac1a2f6800 JavaThread "Cache worker for checksums cache (D:\ksApp\KnowledgeSpaceApk\.gradle\7.3.3\checksums)" [_thread_blocked, id=7008, stack(0x000000b084b00000,0x000000b084c00000)]
  0x000002ac1a8d9000 JavaThread "Cache worker for cache directory md-supplier (D:\BrainBooster\caches\7.3.3\md-supplier)" [_thread_blocked, id=11812, stack(0x000000b084c00000,0x000000b084d00000)]
  0x000002ac1a8db000 JavaThread "Cache worker for cache directory md-rule (D:\BrainBooster\caches\7.3.3\md-rule)" [_thread_blocked, id=18348, stack(0x000000b084d00000,0x000000b084e00000)]
  0x000002ac1a8d8800 JavaThread "Cache worker for execution history cache (D:\BrainBooster\caches\7.3.3\executionHistory)" [_thread_blocked, id=18940, stack(0x000000b084e00000,0x000000b084f00000)]
  0x000002ac1a8db800 JavaThread "jar transforms" [_thread_blocked, id=15296, stack(0x000000b084f00000,0x000000b085000000)]
  0x000002ac1a8d6000 JavaThread "Cache worker for file content cache (D:\BrainBooster\caches\7.3.3\fileContent)" [_thread_blocked, id=14472, stack(0x000000b085000000,0x000000b085100000)]
  0x000002ac1a8d6800 JavaThread "jar transforms Thread 2" [_thread_blocked, id=12116, stack(0x000000b085100000,0x000000b085200000)]
  0x000002ac1a8dd800 JavaThread "Cache worker for dependencies-accessors (D:\ksApp\KnowledgeSpaceApk\.gradle\7.3.3\dependencies-accessors)" [_thread_blocked, id=14832, stack(0x000000b085200000,0x000000b085300000)]
  0x000002ac1a8d7800 JavaThread "jar transforms Thread 3" [_thread_blocked, id=6488, stack(0x000000b085300000,0x000000b085400000)]

Other Threads:
  0x000002ac19696000 VMThread "VM Thread" [stack: 0x000000b082800000,0x000000b082900000] [id=19008]
  0x000002ac19888000 WatcherThread [stack: 0x000000b083200000,0x000000b083300000] [id=6312]
  0x000002ac7e912000 GCTaskThread "GC Thread#0" [stack: 0x000000b082300000,0x000000b082400000] [id=17628]
  0x000002ac19fee000 GCTaskThread "GC Thread#1" [stack: 0x000000b083300000,0x000000b083400000] [id=12132]
  0x000002ac19eb1800 GCTaskThread "GC Thread#2" [stack: 0x000000b083400000,0x000000b083500000] [id=14296]
  0x000002ac1a1b8000 GCTaskThread "GC Thread#3" [stack: 0x000000b083500000,0x000000b083600000] [id=15068]
  0x000002ac1bd41800 GCTaskThread "GC Thread#4" [stack: 0x000000b084300000,0x000000b084400000] [id=8160]
  0x000002ac199ac000 GCTaskThread "GC Thread#5" [stack: 0x000000b084400000,0x000000b084500000] [id=19012]
  0x000002ac1b889800 GCTaskThread "GC Thread#6" [stack: 0x000000b084500000,0x000000b084600000] [id=3076]
  0x000002ac1b88a000 GCTaskThread "GC Thread#7" [stack: 0x000000b084600000,0x000000b084700000] [id=6956]
  0x000002ac7e946000 ConcurrentGCThread "G1 Main Marker" [stack: 0x000000b082400000,0x000000b082500000] [id=18088]
  0x000002ac7e94a000 ConcurrentGCThread "G1 Conc#0" [stack: 0x000000b082500000,0x000000b082600000] [id=9456]
  0x000002ac1a174800 ConcurrentGCThread "G1 Conc#1" [stack: 0x000000b084700000,0x000000b084800000] [id=6568]
  0x000002ac18ca2800 ConcurrentGCThread "G1 Refine#0" [stack: 0x000000b082600000,0x000000b082700000] [id=10116]
  0x000002ac18ca5800 ConcurrentGCThread "G1 Young RemSet Sampling" [stack: 0x000000b082700000,0x000000b082800000] [id=10592]

Threads with active compile tasks:
C2 CompilerThread0  27483 3937       4       jdk.internal.reflect.ClassFileAssembler::emitConstantPoolUTF8 (50 bytes)

VM state:not at safepoint (normal execution)

VM Mutex/Monitor currently owned by a thread: None

OutOfMemory and StackOverflow Exception counts:
OutOfMemoryError java_heap_errors=1
LinkageErrors=73

Heap address: 0x0000000080000000, size: 2048 MB, Compressed Oops mode: 32-bit
Narrow klass base: 0x0000000000000000, Narrow klass shift: 3
Compressed class space size: 1073741824 Address: 0x0000000100000000

Heap:
 garbage-first heap   total 194560K, used 31553K [0x0000000080000000, 0x0000000100000000)
  region size 1024K, 11 young (11264K), 9 survivors (9216K)
 Metaspace       used 47278K, capacity 48528K, committed 48640K, reserved 1091584K
  class space    used 6106K, capacity 6549K, committed 6656K, reserved 1048576K
Heap Regions: E=young(eden), S=young(survivor), O=old, HS=humongous(starts), HC=humongous(continues), CS=collection set, F=free, A=archive, TAMS=top-at-mark-start (previous, next)
|   0|0x0000000080000000, 0x0000000080100000, 0x0000000080100000|100%| O|  |TAMS 0x0000000080100000, 0x0000000080000000| Untracked 
|   1|0x0000000080100000, 0x0000000080200000, 0x0000000080200000|100%| O|  |TAMS 0x0000000080200000, 0x0000000080100000| Untracked 
|   2|0x0000000080200000, 0x0000000080300000, 0x0000000080300000|100%| O|  |TAMS 0x0000000080300000, 0x0000000080200000| Untracked 
|   3|0x0000000080300000, 0x0000000080400000, 0x0000000080400000|100%|HS|  |TAMS 0x0000000080400000, 0x0000000080300000| Complete 
|   4|0x0000000080400000, 0x0000000080500000, 0x0000000080500000|100%|HC|  |TAMS 0x0000000080500000, 0x0000000080400000| Complete 
|   5|0x0000000080500000, 0x0000000080600000, 0x0000000080600000|100%|HC|  |TAMS 0x0000000080600000, 0x0000000080500000| Complete 
|   6|0x0000000080600000, 0x0000000080700000, 0x0000000080700000|100%| O|  |TAMS 0x0000000080700000, 0x0000000080600000| Untracked 
|   7|0x0000000080700000, 0x0000000080800000, 0x0000000080800000|100%| O|  |TAMS 0x0000000080800000, 0x0000000080700000| Untracked 
|   8|0x0000000080800000, 0x0000000080900000, 0x0000000080900000|100%| O|  |TAMS 0x0000000080900000, 0x0000000080800000| Untracked 
|   9|0x0000000080900000, 0x0000000080a00000, 0x0000000080a00000|100%| O|  |TAMS 0x0000000080a00000, 0x0000000080900000| Untracked 
|  10|0x0000000080a00000, 0x0000000080b00000, 0x0000000080b00000|100%| O|  |TAMS 0x0000000080b00000, 0x0000000080a00000| Untracked 
|  11|0x0000000080b00000, 0x0000000080c00000, 0x0000000080c00000|100%| O|  |TAMS 0x0000000080c00000, 0x0000000080b00000| Untracked 
|  12|0x0000000080c00000, 0x0000000080d00000, 0x0000000080d00000|100%| O|  |TAMS 0x0000000080d00000, 0x0000000080c00000| Untracked 
|  13|0x0000000080d00000, 0x0000000080e00000, 0x0000000080e00000|100%| O|  |TAMS 0x0000000080e00000, 0x0000000080d00000| Untracked 
|  14|0x0000000080e00000, 0x0000000080f00000, 0x0000000080f00000|100%| O|  |TAMS 0x0000000080f00000, 0x0000000080e00000| Untracked 
|  15|0x0000000080f00000, 0x0000000081000000, 0x0000000081000000|100%| O|  |TAMS 0x0000000081000000, 0x0000000080f00000| Untracked 
|  16|0x0000000081000000, 0x0000000081100000, 0x0000000081100000|100%| O|  |TAMS 0x0000000081100000, 0x0000000081000000| Untracked 
|  17|0x0000000081100000, 0x0000000081200000, 0x0000000081200000|100%| O|  |TAMS 0x0000000081200000, 0x0000000081100000| Untracked 
|  18|0x0000000081200000, 0x0000000081300000, 0x0000000081300000|100%| O|  |TAMS 0x0000000081300000, 0x0000000081200000| Untracked 
|  19|0x0000000081300000, 0x0000000081400000, 0x0000000081400000|100%| O|  |TAMS 0x0000000081400000, 0x0000000081300000| Untracked 
|  20|0x0000000081400000, 0x0000000081500000, 0x0000000081500000|100%| O|  |TAMS 0x0000000081500000, 0x0000000081400000| Untracked 
|  21|0x0000000081500000, 0x000000008151e200, 0x0000000081600000| 11%| O|  |TAMS 0x000000008151e200, 0x0000000081500000| Untracked 
|  22|0x0000000081600000, 0x0000000081600000, 0x0000000081700000|  0%| F|  |TAMS 0x0000000081600000, 0x0000000081600000| Untracked 
|  23|0x0000000081700000, 0x0000000081700000, 0x0000000081800000|  0%| F|  |TAMS 0x0000000081700000, 0x0000000081700000| Untracked 
|  24|0x0000000081800000, 0x0000000081800000, 0x0000000081900000|  0%| F|  |TAMS 0x0000000081800000, 0x0000000081800000| Untracked 
|  25|0x0000000081900000, 0x0000000081900000, 0x0000000081a00000|  0%| F|  |TAMS 0x0000000081900000, 0x0000000081900000| Untracked 
|  26|0x0000000081a00000, 0x0000000081a00000, 0x0000000081b00000|  0%| F|  |TAMS 0x0000000081a00000, 0x0000000081a00000| Untracked 
|  27|0x0000000081b00000, 0x0000000081b00000, 0x0000000081c00000|  0%| F|  |TAMS 0x0000000081b00000, 0x0000000081b00000| Untracked 
|  28|0x0000000081c00000, 0x0000000081c00000, 0x0000000081d00000|  0%| F|  |TAMS 0x0000000081c00000, 0x0000000081c00000| Untracked 
|  29|0x0000000081d00000, 0x0000000081d00000, 0x0000000081e00000|  0%| F|  |TAMS 0x0000000081d00000, 0x0000000081d00000| Untracked 
|  30|0x0000000081e00000, 0x0000000081e00000, 0x0000000081f00000|  0%| F|  |TAMS 0x0000000081e00000, 0x0000000081e00000| Untracked 
|  31|0x0000000081f00000, 0x0000000081f00000, 0x0000000082000000|  0%| F|  |TAMS 0x0000000081f00000, 0x0000000081f00000| Untracked 
|  32|0x0000000082000000, 0x0000000082000000, 0x0000000082100000|  0%| F|  |TAMS 0x0000000082000000, 0x0000000082000000| Untracked 
|  33|0x0000000082100000, 0x0000000082100000, 0x0000000082200000|  0%| F|  |TAMS 0x0000000082100000, 0x0000000082100000| Untracked 
|  34|0x0000000082200000, 0x0000000082200000, 0x0000000082300000|  0%| F|  |TAMS 0x0000000082200000, 0x0000000082200000| Untracked 
|  35|0x0000000082300000, 0x0000000082300000, 0x0000000082400000|  0%| F|  |TAMS 0x0000000082300000, 0x0000000082300000| Untracked 
|  36|0x0000000082400000, 0x0000000082400000, 0x0000000082500000|  0%| F|  |TAMS 0x0000000082400000, 0x0000000082400000| Untracked 
|  37|0x0000000082500000, 0x0000000082500000, 0x0000000082600000|  0%| F|  |TAMS 0x0000000082500000, 0x0000000082500000| Untracked 
|  38|0x0000000082600000, 0x0000000082600000, 0x0000000082700000|  0%| F|  |TAMS 0x0000000082600000, 0x0000000082600000| Untracked 
|  39|0x0000000082700000, 0x0000000082700000, 0x0000000082800000|  0%| F|  |TAMS 0x0000000082700000, 0x0000000082700000| Untracked 
|  40|0x0000000082800000, 0x0000000082800000, 0x0000000082900000|  0%| F|  |TAMS 0x0000000082800000, 0x0000000082800000| Untracked 
|  41|0x0000000082900000, 0x0000000082900000, 0x0000000082a00000|  0%| F|  |TAMS 0x0000000082900000, 0x0000000082900000| Untracked 
|  42|0x0000000082a00000, 0x0000000082a00000, 0x0000000082b00000|  0%| F|  |TAMS 0x0000000082a00000, 0x0000000082a00000| Untracked 
|  43|0x0000000082b00000, 0x0000000082b00000, 0x0000000082c00000|  0%| F|  |TAMS 0x0000000082b00000, 0x0000000082b00000| Untracked 
|  44|0x0000000082c00000, 0x0000000082c00000, 0x0000000082d00000|  0%| F|  |TAMS 0x0000000082c00000, 0x0000000082c00000| Untracked 
|  45|0x0000000082d00000, 0x0000000082d00000, 0x0000000082e00000|  0%| F|  |TAMS 0x0000000082d00000, 0x0000000082d00000| Untracked 
|  46|0x0000000082e00000, 0x0000000082e00000, 0x0000000082f00000|  0%| F|  |TAMS 0x0000000082e00000, 0x0000000082e00000| Untracked 
|  47|0x0000000082f00000, 0x0000000082f00000, 0x0000000083000000|  0%| F|  |TAMS 0x0000000082f00000, 0x0000000082f00000| Untracked 
|  48|0x0000000083000000, 0x0000000083000000, 0x0000000083100000|  0%| F|  |TAMS 0x0000000083000000, 0x0000000083000000| Untracked 
|  49|0x0000000083100000, 0x0000000083100000, 0x0000000083200000|  0%| F|  |TAMS 0x0000000083100000, 0x0000000083100000| Untracked 
|  50|0x0000000083200000, 0x0000000083200000, 0x0000000083300000|  0%| F|  |TAMS 0x0000000083200000, 0x0000000083200000| Untracked 
|  51|0x0000000083300000, 0x0000000083300000, 0x0000000083400000|  0%| F|  |TAMS 0x0000000083300000, 0x0000000083300000| Untracked 
|  52|0x0000000083400000, 0x0000000083400000, 0x0000000083500000|  0%| F|  |TAMS 0x0000000083400000, 0x0000000083400000| Untracked 
|  53|0x0000000083500000, 0x0000000083500000, 0x0000000083600000|  0%| F|  |TAMS 0x0000000083500000, 0x0000000083500000| Untracked 
|  54|0x0000000083600000, 0x0000000083600000, 0x0000000083700000|  0%| F|  |TAMS 0x0000000083600000, 0x0000000083600000| Untracked 
|  55|0x0000000083700000, 0x0000000083700000, 0x0000000083800000|  0%| F|  |TAMS 0x0000000083700000, 0x0000000083700000| Untracked 
|  56|0x0000000083800000, 0x0000000083800000, 0x0000000083900000|  0%| F|  |TAMS 0x0000000083800000, 0x0000000083800000| Untracked 
|  57|0x0000000083900000, 0x0000000083900000, 0x0000000083a00000|  0%| F|  |TAMS 0x0000000083900000, 0x0000000083900000| Untracked 
|  58|0x0000000083a00000, 0x0000000083a00000, 0x0000000083b00000|  0%| F|  |TAMS 0x0000000083a00000, 0x0000000083a00000| Untracked 
|  59|0x0000000083b00000, 0x0000000083b00000, 0x0000000083c00000|  0%| F|  |TAMS 0x0000000083b00000, 0x0000000083b00000| Untracked 
|  60|0x0000000083c00000, 0x0000000083c00000, 0x0000000083d00000|  0%| F|  |TAMS 0x0000000083c00000, 0x0000000083c00000| Untracked 
|  61|0x0000000083d00000, 0x0000000083d00000, 0x0000000083e00000|  0%| F|  |TAMS 0x0000000083d00000, 0x0000000083d00000| Untracked 
|  62|0x0000000083e00000, 0x0000000083e00000, 0x0000000083f00000|  0%| F|  |TAMS 0x0000000083e00000, 0x0000000083e00000| Untracked 
|  63|0x0000000083f00000, 0x0000000083f00000, 0x0000000084000000|  0%| F|  |TAMS 0x0000000083f00000, 0x0000000083f00000| Untracked 
|  64|0x0000000084000000, 0x0000000084000000, 0x0000000084100000|  0%| F|  |TAMS 0x0000000084000000, 0x0000000084000000| Untracked 
|  65|0x0000000084100000, 0x0000000084100000, 0x0000000084200000|  0%| F|  |TAMS 0x0000000084100000, 0x0000000084100000| Untracked 
|  66|0x0000000084200000, 0x0000000084200000, 0x0000000084300000|  0%| F|  |TAMS 0x0000000084200000, 0x0000000084200000| Untracked 
|  67|0x0000000084300000, 0x0000000084300000, 0x0000000084400000|  0%| F|  |TAMS 0x0000000084300000, 0x0000000084300000| Untracked 
|  68|0x0000000084400000, 0x0000000084400000, 0x0000000084500000|  0%| F|  |TAMS 0x0000000084400000, 0x0000000084400000| Untracked 
|  69|0x0000000084500000, 0x0000000084500000, 0x0000000084600000|  0%| F|  |TAMS 0x0000000084500000, 0x0000000084500000| Untracked 
|  70|0x0000000084600000, 0x0000000084600000, 0x0000000084700000|  0%| F|  |TAMS 0x0000000084600000, 0x0000000084600000| Untracked 
|  71|0x0000000084700000, 0x0000000084700000, 0x0000000084800000|  0%| F|  |TAMS 0x0000000084700000, 0x0000000084700000| Untracked 
|  72|0x0000000084800000, 0x0000000084800000, 0x0000000084900000|  0%| F|  |TAMS 0x0000000084800000, 0x0000000084800000| Untracked 
|  73|0x0000000084900000, 0x0000000084900000, 0x0000000084a00000|  0%| F|  |TAMS 0x0000000084900000, 0x0000000084900000| Untracked 
|  74|0x0000000084a00000, 0x0000000084a00000, 0x0000000084b00000|  0%| F|  |TAMS 0x0000000084a00000, 0x0000000084a00000| Untracked 
|  75|0x0000000084b00000, 0x0000000084b00000, 0x0000000084c00000|  0%| F|  |TAMS 0x0000000084b00000, 0x0000000084b00000| Untracked 
|  76|0x0000000084c00000, 0x0000000084c00000, 0x0000000084d00000|  0%| F|  |TAMS 0x0000000084c00000, 0x0000000084c00000| Untracked 
|  77|0x0000000084d00000, 0x0000000084d00000, 0x0000000084e00000|  0%| F|  |TAMS 0x0000000084d00000, 0x0000000084d00000| Untracked 
|  78|0x0000000084e00000, 0x0000000084e00000, 0x0000000084f00000|  0%| F|  |TAMS 0x0000000084e00000, 0x0000000084e00000| Untracked 
|  79|0x0000000084f00000, 0x0000000084f00000, 0x0000000085000000|  0%| F|  |TAMS 0x0000000084f00000, 0x0000000084f00000| Untracked 
|  80|0x0000000085000000, 0x0000000085000000, 0x0000000085100000|  0%| F|  |TAMS 0x0000000085000000, 0x0000000085000000| Untracked 
|  81|0x0000000085100000, 0x0000000085100000, 0x0000000085200000|  0%| F|  |TAMS 0x0000000085100000, 0x0000000085100000| Untracked 
|  82|0x0000000085200000, 0x0000000085200000, 0x0000000085300000|  0%| F|  |TAMS 0x0000000085200000, 0x0000000085200000| Untracked 
|  83|0x0000000085300000, 0x0000000085300000, 0x0000000085400000|  0%| F|  |TAMS 0x0000000085300000, 0x0000000085300000| Untracked 
|  84|0x0000000085400000, 0x0000000085400000, 0x0000000085500000|  0%| F|  |TAMS 0x0000000085400000, 0x0000000085400000| Untracked 
|  85|0x0000000085500000, 0x0000000085500000, 0x0000000085600000|  0%| F|  |TAMS 0x0000000085500000, 0x0000000085500000| Untracked 
|  86|0x0000000085600000, 0x0000000085600000, 0x0000000085700000|  0%| F|  |TAMS 0x0000000085600000, 0x0000000085600000| Untracked 
|  87|0x0000000085700000, 0x0000000085700000, 0x0000000085800000|  0%| F|  |TAMS 0x0000000085700000, 0x0000000085700000| Untracked 
|  88|0x0000000085800000, 0x0000000085800000, 0x0000000085900000|  0%| F|  |TAMS 0x0000000085800000, 0x0000000085800000| Untracked 
|  89|0x0000000085900000, 0x0000000085900000, 0x0000000085a00000|  0%| F|  |TAMS 0x0000000085900000, 0x0000000085900000| Untracked 
|  90|0x0000000085a00000, 0x0000000085a00000, 0x0000000085b00000|  0%| F|  |TAMS 0x0000000085a00000, 0x0000000085a00000| Untracked 
|  91|0x0000000085b00000, 0x0000000085b00000, 0x0000000085c00000|  0%| F|  |TAMS 0x0000000085b00000, 0x0000000085b00000| Untracked 
|  92|0x0000000085c00000, 0x0000000085c00000, 0x0000000085d00000|  0%| F|  |TAMS 0x0000000085c00000, 0x0000000085c00000| Untracked 
|  93|0x0000000085d00000, 0x0000000085d00000, 0x0000000085e00000|  0%| F|  |TAMS 0x0000000085d00000, 0x0000000085d00000| Untracked 
|  94|0x0000000085e00000, 0x0000000085e00000, 0x0000000085f00000|  0%| F|  |TAMS 0x0000000085e00000, 0x0000000085e00000| Untracked 
|  95|0x0000000085f00000, 0x0000000085f00000, 0x0000000086000000|  0%| F|  |TAMS 0x0000000085f00000, 0x0000000085f00000| Untracked 
|  96|0x0000000086000000, 0x0000000086000000, 0x0000000086100000|  0%| F|  |TAMS 0x0000000086000000, 0x0000000086000000| Untracked 
|  97|0x0000000086100000, 0x0000000086100000, 0x0000000086200000|  0%| F|  |TAMS 0x0000000086100000, 0x0000000086100000| Untracked 
|  98|0x0000000086200000, 0x0000000086200000, 0x0000000086300000|  0%| F|  |TAMS 0x0000000086200000, 0x0000000086200000| Untracked 
|  99|0x0000000086300000, 0x0000000086300000, 0x0000000086400000|  0%| F|  |TAMS 0x0000000086300000, 0x0000000086300000| Untracked 
| 100|0x0000000086400000, 0x0000000086400000, 0x0000000086500000|  0%| F|  |TAMS 0x0000000086400000, 0x0000000086400000| Untracked 
| 101|0x0000000086500000, 0x0000000086500000, 0x0000000086600000|  0%| F|  |TAMS 0x0000000086500000, 0x0000000086500000| Untracked 
| 102|0x0000000086600000, 0x0000000086600000, 0x0000000086700000|  0%| F|  |TAMS 0x0000000086600000, 0x0000000086600000| Untracked 
| 103|0x0000000086700000, 0x0000000086700000, 0x0000000086800000|  0%| F|  |TAMS 0x0000000086700000, 0x0000000086700000| Untracked 
| 104|0x0000000086800000, 0x0000000086800000, 0x0000000086900000|  0%| F|  |TAMS 0x0000000086800000, 0x0000000086800000| Untracked 
| 105|0x0000000086900000, 0x0000000086900000, 0x0000000086a00000|  0%| F|  |TAMS 0x0000000086900000, 0x0000000086900000| Untracked 
| 106|0x0000000086a00000, 0x0000000086a00000, 0x0000000086b00000|  0%| F|  |TAMS 0x0000000086a00000, 0x0000000086a00000| Untracked 
| 107|0x0000000086b00000, 0x0000000086b00000, 0x0000000086c00000|  0%| F|  |TAMS 0x0000000086b00000, 0x0000000086b00000| Untracked 
| 108|0x0000000086c00000, 0x0000000086c00000, 0x0000000086d00000|  0%| F|  |TAMS 0x0000000086c00000, 0x0000000086c00000| Untracked 
| 109|0x0000000086d00000, 0x0000000086d00000, 0x0000000086e00000|  0%| F|  |TAMS 0x0000000086d00000, 0x0000000086d00000| Untracked 
| 110|0x0000000086e00000, 0x0000000086e00000, 0x0000000086f00000|  0%| F|  |TAMS 0x0000000086e00000, 0x0000000086e00000| Untracked 
| 111|0x0000000086f00000, 0x0000000086f00000, 0x0000000087000000|  0%| F|  |TAMS 0x0000000086f00000, 0x0000000086f00000| Untracked 
| 112|0x0000000087000000, 0x0000000087000000, 0x0000000087100000|  0%| F|  |TAMS 0x0000000087000000, 0x0000000087000000| Untracked 
| 113|0x0000000087100000, 0x0000000087100000, 0x0000000087200000|  0%| F|  |TAMS 0x0000000087100000, 0x0000000087100000| Untracked 
| 114|0x0000000087200000, 0x0000000087200000, 0x0000000087300000|  0%| F|  |TAMS 0x0000000087200000, 0x0000000087200000| Untracked 
| 115|0x0000000087300000, 0x0000000087300000, 0x0000000087400000|  0%| F|  |TAMS 0x0000000087300000, 0x0000000087300000| Untracked 
| 116|0x0000000087400000, 0x0000000087400000, 0x0000000087500000|  0%| F|  |TAMS 0x0000000087400000, 0x0000000087400000| Untracked 
| 117|0x0000000087500000, 0x0000000087500000, 0x0000000087600000|  0%| F|  |TAMS 0x0000000087500000, 0x0000000087500000| Untracked 
| 118|0x0000000087600000, 0x0000000087600000, 0x0000000087700000|  0%| F|  |TAMS 0x0000000087600000, 0x0000000087600000| Untracked 
| 119|0x0000000087700000, 0x0000000087700000, 0x0000000087800000|  0%| F|  |TAMS 0x0000000087700000, 0x0000000087700000| Untracked 
| 120|0x0000000087800000, 0x0000000087800000, 0x0000000087900000|  0%| F|  |TAMS 0x0000000087800000, 0x0000000087800000| Untracked 
| 121|0x0000000087900000, 0x0000000087900000, 0x0000000087a00000|  0%| F|  |TAMS 0x0000000087900000, 0x0000000087900000| Untracked 
| 122|0x0000000087a00000, 0x0000000087a00000, 0x0000000087b00000|  0%| F|  |TAMS 0x0000000087a00000, 0x0000000087a00000| Untracked 
| 123|0x0000000087b00000, 0x0000000087b00000, 0x0000000087c00000|  0%| F|  |TAMS 0x0000000087b00000, 0x0000000087b00000| Untracked 
| 124|0x0000000087c00000, 0x0000000087c00000, 0x0000000087d00000|  0%| F|  |TAMS 0x0000000087c00000, 0x0000000087c00000| Untracked 
| 125|0x0000000087d00000, 0x0000000087d00000, 0x0000000087e00000|  0%| F|  |TAMS 0x0000000087d00000, 0x0000000087d00000| Untracked 
| 126|0x0000000087e00000, 0x0000000087e00000, 0x0000000087f00000|  0%| F|  |TAMS 0x0000000087e00000, 0x0000000087e00000| Untracked 
| 127|0x0000000087f00000, 0x0000000087f00000, 0x0000000088000000|  0%| F|  |TAMS 0x0000000087f00000, 0x0000000087f00000| Untracked 
| 128|0x0000000088000000, 0x0000000088000000, 0x0000000088100000|  0%| F|  |TAMS 0x0000000088000000, 0x0000000088000000| Untracked 
| 129|0x0000000088100000, 0x0000000088100000, 0x0000000088200000|  0%| F|  |TAMS 0x0000000088100000, 0x0000000088100000| Untracked 
| 130|0x0000000088200000, 0x0000000088200000, 0x0000000088300000|  0%| F|  |TAMS 0x0000000088200000, 0x0000000088200000| Untracked 
| 131|0x0000000088300000, 0x0000000088300000, 0x0000000088400000|  0%| F|  |TAMS 0x0000000088300000, 0x0000000088300000| Untracked 
| 132|0x0000000088400000, 0x0000000088400000, 0x0000000088500000|  0%| F|  |TAMS 0x0000000088400000, 0x0000000088400000| Untracked 
| 133|0x0000000088500000, 0x0000000088500000, 0x0000000088600000|  0%| F|  |TAMS 0x0000000088500000, 0x0000000088500000| Untracked 
| 134|0x0000000088600000, 0x0000000088600000, 0x0000000088700000|  0%| F|  |TAMS 0x0000000088600000, 0x0000000088600000| Untracked 
| 135|0x0000000088700000, 0x0000000088700000, 0x0000000088800000|  0%| F|  |TAMS 0x0000000088700000, 0x0000000088700000| Untracked 
| 136|0x0000000088800000, 0x0000000088800000, 0x0000000088900000|  0%| F|  |TAMS 0x0000000088800000, 0x0000000088800000| Untracked 
| 137|0x0000000088900000, 0x0000000088900000, 0x0000000088a00000|  0%| F|  |TAMS 0x0000000088900000, 0x0000000088900000| Untracked 
| 138|0x0000000088a00000, 0x0000000088a00000, 0x0000000088b00000|  0%| F|  |TAMS 0x0000000088a00000, 0x0000000088a00000| Untracked 
| 139|0x0000000088b00000, 0x0000000088bb2398, 0x0000000088c00000| 69%| S|CS|TAMS 0x0000000088b00000, 0x0000000088b00000| Complete 
| 140|0x0000000088c00000, 0x0000000088d00000, 0x0000000088d00000|100%| S|CS|TAMS 0x0000000088c00000, 0x0000000088c00000| Complete 
| 141|0x0000000088d00000, 0x0000000088e00000, 0x0000000088e00000|100%| S|CS|TAMS 0x0000000088d00000, 0x0000000088d00000| Complete 
| 142|0x0000000088e00000, 0x0000000088f00000, 0x0000000088f00000|100%| S|CS|TAMS 0x0000000088e00000, 0x0000000088e00000| Complete 
| 143|0x0000000088f00000, 0x0000000089000000, 0x0000000089000000|100%| S|CS|TAMS 0x0000000088f00000, 0x0000000088f00000| Complete 
| 144|0x0000000089000000, 0x0000000089100000, 0x0000000089100000|100%| S|CS|TAMS 0x0000000089000000, 0x0000000089000000| Complete 
| 145|0x0000000089100000, 0x0000000089200000, 0x0000000089200000|100%| S|CS|TAMS 0x0000000089100000, 0x0000000089100000| Complete 
| 146|0x0000000089200000, 0x0000000089300000, 0x0000000089300000|100%| S|CS|TAMS 0x0000000089200000, 0x0000000089200000| Complete 
| 147|0x0000000089300000, 0x0000000089400000, 0x0000000089400000|100%| S|CS|TAMS 0x0000000089300000, 0x0000000089300000| Complete 
| 148|0x0000000089400000, 0x0000000089400000, 0x0000000089500000|  0%| F|  |TAMS 0x0000000089400000, 0x0000000089400000| Untracked 
| 149|0x0000000089500000, 0x0000000089500000, 0x0000000089600000|  0%| F|  |TAMS 0x0000000089500000, 0x0000000089500000| Untracked 
| 150|0x0000000089600000, 0x0000000089600000, 0x0000000089700000|  0%| F|  |TAMS 0x0000000089600000, 0x0000000089600000| Untracked 
| 151|0x0000000089700000, 0x0000000089700000, 0x0000000089800000|  0%| F|  |TAMS 0x0000000089700000, 0x0000000089700000| Untracked 
| 152|0x0000000089800000, 0x0000000089800000, 0x0000000089900000|  0%| F|  |TAMS 0x0000000089800000, 0x0000000089800000| Untracked 
| 153|0x0000000089900000, 0x0000000089900000, 0x0000000089a00000|  0%| F|  |TAMS 0x0000000089900000, 0x0000000089900000| Untracked 
| 154|0x0000000089a00000, 0x0000000089a00000, 0x0000000089b00000|  0%| F|  |TAMS 0x0000000089a00000, 0x0000000089a00000| Untracked 
| 155|0x0000000089b00000, 0x0000000089b00000, 0x0000000089c00000|  0%| F|  |TAMS 0x0000000089b00000, 0x0000000089b00000| Untracked 
| 156|0x0000000089c00000, 0x0000000089c00000, 0x0000000089d00000|  0%| F|  |TAMS 0x0000000089c00000, 0x0000000089c00000| Untracked 
| 157|0x0000000089d00000, 0x0000000089d00000, 0x0000000089e00000|  0%| F|  |TAMS 0x0000000089d00000, 0x0000000089d00000| Untracked 
| 158|0x0000000089e00000, 0x0000000089e00000, 0x0000000089f00000|  0%| F|  |TAMS 0x0000000089e00000, 0x0000000089e00000| Untracked 
| 159|0x0000000089f00000, 0x0000000089f00000, 0x000000008a000000|  0%| F|  |TAMS 0x0000000089f00000, 0x0000000089f00000| Untracked 
| 160|0x000000008a000000, 0x000000008a000000, 0x000000008a100000|  0%| F|  |TAMS 0x000000008a000000, 0x000000008a000000| Untracked 
| 161|0x000000008a100000, 0x000000008a100000, 0x000000008a200000|  0%| F|  |TAMS 0x000000008a100000, 0x000000008a100000| Untracked 
| 162|0x000000008a200000, 0x000000008a200000, 0x000000008a300000|  0%| F|  |TAMS 0x000000008a200000, 0x000000008a200000| Untracked 
| 163|0x000000008a300000, 0x000000008a300000, 0x000000008a400000|  0%| F|  |TAMS 0x000000008a300000, 0x000000008a300000| Untracked 
| 164|0x000000008a400000, 0x000000008a400000, 0x000000008a500000|  0%| F|  |TAMS 0x000000008a400000, 0x000000008a400000| Untracked 
| 165|0x000000008a500000, 0x000000008a500000, 0x000000008a600000|  0%| F|  |TAMS 0x000000008a500000, 0x000000008a500000| Untracked 
| 166|0x000000008a600000, 0x000000008a600000, 0x000000008a700000|  0%| F|  |TAMS 0x000000008a600000, 0x000000008a600000| Untracked 
| 167|0x000000008a700000, 0x000000008a700000, 0x000000008a800000|  0%| F|  |TAMS 0x000000008a700000, 0x000000008a700000| Untracked 
| 168|0x000000008a800000, 0x000000008a800000, 0x000000008a900000|  0%| F|  |TAMS 0x000000008a800000, 0x000000008a800000| Untracked 
| 169|0x000000008a900000, 0x000000008a900000, 0x000000008aa00000|  0%| F|  |TAMS 0x000000008a900000, 0x000000008a900000| Untracked 
| 170|0x000000008aa00000, 0x000000008aa00000, 0x000000008ab00000|  0%| F|  |TAMS 0x000000008aa00000, 0x000000008aa00000| Untracked 
| 171|0x000000008ab00000, 0x000000008ab00000, 0x000000008ac00000|  0%| F|  |TAMS 0x000000008ab00000, 0x000000008ab00000| Untracked 
| 172|0x000000008ac00000, 0x000000008ac00000, 0x000000008ad00000|  0%| F|  |TAMS 0x000000008ac00000, 0x000000008ac00000| Untracked 
| 173|0x000000008ad00000, 0x000000008ad00000, 0x000000008ae00000|  0%| F|  |TAMS 0x000000008ad00000, 0x000000008ad00000| Untracked 
| 174|0x000000008ae00000, 0x000000008ae00000, 0x000000008af00000|  0%| F|  |TAMS 0x000000008ae00000, 0x000000008ae00000| Untracked 
| 175|0x000000008af00000, 0x000000008af00000, 0x000000008b000000|  0%| F|  |TAMS 0x000000008af00000, 0x000000008af00000| Untracked 
| 176|0x000000008b000000, 0x000000008b000000, 0x000000008b100000|  0%| F|  |TAMS 0x000000008b000000, 0x000000008b000000| Untracked 
| 177|0x000000008b100000, 0x000000008b100000, 0x000000008b200000|  0%| F|  |TAMS 0x000000008b100000, 0x000000008b100000| Untracked 
| 178|0x000000008b200000, 0x000000008b200000, 0x000000008b300000|  0%| F|  |TAMS 0x000000008b200000, 0x000000008b200000| Untracked 
| 179|0x000000008b300000, 0x000000008b300000, 0x000000008b400000|  0%| F|  |TAMS 0x000000008b300000, 0x000000008b300000| Untracked 
| 180|0x000000008b400000, 0x000000008b400000, 0x000000008b500000|  0%| F|  |TAMS 0x000000008b400000, 0x000000008b400000| Untracked 
| 181|0x000000008b500000, 0x000000008b500000, 0x000000008b600000|  0%| F|  |TAMS 0x000000008b500000, 0x000000008b500000| Untracked 
| 182|0x000000008b600000, 0x000000008b600000, 0x000000008b700000|  0%| F|  |TAMS 0x000000008b600000, 0x000000008b600000| Untracked 
| 183|0x000000008b700000, 0x000000008b700000, 0x000000008b800000|  0%| F|  |TAMS 0x000000008b700000, 0x000000008b700000| Untracked 
| 184|0x000000008b800000, 0x000000008b800000, 0x000000008b900000|  0%| F|  |TAMS 0x000000008b800000, 0x000000008b800000| Untracked 
| 185|0x000000008b900000, 0x000000008b900000, 0x000000008ba00000|  0%| F|  |TAMS 0x000000008b900000, 0x000000008b900000| Untracked 
| 186|0x000000008ba00000, 0x000000008ba00000, 0x000000008bb00000|  0%| F|  |TAMS 0x000000008ba00000, 0x000000008ba00000| Untracked 
| 187|0x000000008bb00000, 0x000000008bb00000, 0x000000008bc00000|  0%| F|  |TAMS 0x000000008bb00000, 0x000000008bb00000| Untracked 
| 188|0x000000008bc00000, 0x000000008bc00800, 0x000000008bd00000|  0%| E|  |TAMS 0x000000008bc00000, 0x000000008bc00000| Complete 
| 189|0x000000008bd00000, 0x000000008be00000, 0x000000008be00000|100%| E|CS|TAMS 0x000000008bd00000, 0x000000008bd00000| Complete 

Card table byte_map: [0x000002ac7f110000,0x000002ac7f510000] _byte_map_base: 0x000002ac7ed10000

Marking Bits (Prev, Next): (CMBitMap*) 0x000002ac7e93cf40, (CMBitMap*) 0x000002ac7e93cf08
 Prev Bits: [0x000002ac14a30000, 0x000002ac16a30000)
 Next Bits: [0x000002ac12a30000, 0x000002ac14a30000)

Polling page: 0x000002ac7e0d0000

Metaspace:

Usage:
  Non-class:     41.00 MB capacity,    40.22 MB ( 98%) used,   678.94 KB (  2%) free+waste,   119.25 KB ( <1%) overhead. 
      Class:      6.40 MB capacity,     5.96 MB ( 93%) used,   385.45 KB (  6%) free+waste,    57.50 KB ( <1%) overhead. 
       Both:     47.39 MB capacity,    46.18 MB ( 97%) used,     1.04 MB (  2%) free+waste,   176.75 KB ( <1%) overhead. 

Virtual space:
  Non-class space:       42.00 MB reserved,      41.00 MB ( 98%) committed 
      Class space:        1.00 GB reserved,       6.50 MB ( <1%) committed 
             Both:        1.04 GB reserved,      47.50 MB (  4%) committed 

Chunk freelists:
   Non-Class:  5.00 KB
       Class:  11.00 KB
        Both:  16.00 KB

MaxMetaspaceSize: 17179869184.00 GB
CompressedClassSpaceSize: 1.00 GB
Initial GC threshold: 20.80 MB
Current GC threshold: 79.17 MB
CDS: off

CodeHeap 'non-profiled nmethods': size=120000Kb used=2081Kb max_used=2081Kb free=117918Kb
 bounds [0x000002ac0b500000, 0x000002ac0b770000, 0x000002ac12a30000]
CodeHeap 'profiled nmethods': size=120000Kb used=8653Kb max_used=8653Kb free=111346Kb
 bounds [0x000002ac03fd0000, 0x000002ac04850000, 0x000002ac0b500000]
CodeHeap 'non-nmethods': size=5760Kb used=2294Kb max_used=2327Kb free=3465Kb
 bounds [0x000002ac03a30000, 0x000002ac03ca0000, 0x000002ac03fd0000]
 total_blobs=4765 nmethods=3980 adapters=697
 compilation: enabled
              stopped_count=0, restarted_count=0
 full_count=0

Compilation events (20 events):
Event: 27.193 Thread 0x000002ac196ad800 3947       3       java.util.regex.Pattern$Branch::match (66 bytes)
Event: 27.193 Thread 0x000002ac196ad800 nmethod 3947 0x000002ac04815b10 code [0x000002ac04815d00, 0x000002ac04816198]
Event: 27.193 Thread 0x000002ac196ad800 3948       1       java.lang.StackTraceElement::getClassName (5 bytes)
Event: 27.193 Thread 0x000002ac196ad800 nmethod 3948 0x000002ac0b706010 code [0x000002ac0b7061c0, 0x000002ac0b706278]
Event: 27.193 Thread 0x000002ac196ad800 3949       3       jdk.internal.reflect.ClassFileAssembler::incStack (11 bytes)
Event: 27.194 Thread 0x000002ac196ad800 nmethod 3949 0x000002ac04816390 code [0x000002ac04816540, 0x000002ac048166f8]
Event: 27.195 Thread 0x000002ac196ad800 3950       3       java.io.ObjectStreamClass::requireInitialized (18 bytes)
Event: 27.195 Thread 0x000002ac196ad800 nmethod 3950 0x000002ac04816790 code [0x000002ac04816960, 0x000002ac04816b68]
Event: 27.200 Thread 0x000002ac196ad800 3951       3       java.io.ObjectOutputStream$HandleTable::hash (8 bytes)
Event: 27.200 Thread 0x000002ac196ad800 nmethod 3951 0x000002ac04816c90 code [0x000002ac04816e40, 0x000002ac04816f68]
Event: 27.213 Thread 0x000002ac196ad800 3952       3       java.lang.StackTraceElement::<init> (10 bytes)
Event: 27.213 Thread 0x000002ac196ad800 nmethod 3952 0x000002ac04817010 code [0x000002ac048171c0, 0x000002ac04817318]
Event: 27.213 Thread 0x000002ac196ad800 3955       3       java.lang.ModuleLayer::boot (4 bytes)
Event: 27.213 Thread 0x000002ac196ad800 nmethod 3955 0x000002ac04817410 code [0x000002ac048175c0, 0x000002ac048176b8]
Event: 27.213 Thread 0x000002ac196ad800 3953  s!   3       java.lang.StackTraceElement::computeFormat (71 bytes)
Event: 27.214 Thread 0x000002ac196ad800 nmethod 3953 0x000002ac04817710 code [0x000002ac04817940, 0x000002ac04818278]
Event: 27.214 Thread 0x000002ac196ad800 3954       3       java.lang.StackTraceElement::isHashedInJavaBase (31 bytes)
Event: 27.214 Thread 0x000002ac196ad800 nmethod 3954 0x000002ac04818510 code [0x000002ac04818720, 0x000002ac04818bf8]
Event: 27.215 Thread 0x000002ac196ad800 3956       3       org.codehaus.groovy.runtime.StackTraceUtils::isApplicationClass (84 bytes)
Event: 27.215 Thread 0x000002ac196ad800 nmethod 3956 0x000002ac04818d90 code [0x000002ac04818fe0, 0x000002ac04819978]

GC Heap History (10 events):
Event: 3.124 GC heap before
{Heap before GC invocations=0 (full 0):
 garbage-first heap   total 194560K, used 29696K [0x0000000080000000, 0x0000000100000000)
  region size 1024K, 24 young (24576K), 0 survivors (0K)
 Metaspace       used 10281K, capacity 10491K, committed 10624K, reserved 1058816K
  class space    used 1072K, capacity 1141K, committed 1152K, reserved 1048576K
}
Event: 3.132 GC heap after
{Heap after GC invocations=1 (full 0):
 garbage-first heap   total 194560K, used 9543K [0x0000000080000000, 0x0000000100000000)
  region size 1024K, 3 young (3072K), 3 survivors (3072K)
 Metaspace       used 10281K, capacity 10491K, committed 10624K, reserved 1058816K
  class space    used 1072K, capacity 1141K, committed 1152K, reserved 1048576K
}
Event: 9.255 GC heap before
{Heap before GC invocations=1 (full 0):
 garbage-first heap   total 194560K, used 109895K [0x0000000080000000, 0x0000000100000000)
  region size 1024K, 102 young (104448K), 3 survivors (3072K)
 Metaspace       used 20754K, capacity 21140K, committed 21248K, reserved 1067008K
  class space    used 2553K, capacity 2713K, committed 2816K, reserved 1048576K
}
Event: 9.319 GC heap after
{Heap after GC invocations=2 (full 0):
 garbage-first heap   total 194560K, used 17011K [0x0000000080000000, 0x0000000100000000)
  region size 1024K, 11 young (11264K), 11 survivors (11264K)
 Metaspace       used 20754K, capacity 21140K, committed 21248K, reserved 1067008K
  class space    used 2553K, capacity 2713K, committed 2816K, reserved 1048576K
}
Event: 10.371 GC heap before
{Heap before GC invocations=3 (full 0):
 garbage-first heap   total 194560K, used 31347K [0x0000000080000000, 0x0000000100000000)
  region size 1024K, 25 young (25600K), 11 survivors (11264K)
 Metaspace       used 22545K, capacity 23076K, committed 23296K, reserved 1069056K
  class space    used 2827K, capacity 3002K, committed 3072K, reserved 1048576K
}
Event: 10.483 GC heap after
{Heap after GC invocations=4 (full 0):
 garbage-first heap   total 194560K, used 17605K [0x0000000080000000, 0x0000000100000000)
  region size 1024K, 1 young (1024K), 1 survivors (1024K)
 Metaspace       used 22545K, capacity 23076K, committed 23296K, reserved 1069056K
  class space    used 2827K, capacity 3002K, committed 3072K, reserved 1048576K
}
Event: 18.813 GC heap before
{Heap before GC invocations=4 (full 0):
 garbage-first heap   total 194560K, used 113861K [0x0000000080000000, 0x0000000100000000)
  region size 1024K, 96 young (98304K), 1 survivors (1024K)
 Metaspace       used 34983K, capacity 35782K, committed 35840K, reserved 1081344K
  class space    used 4541K, capacity 4839K, committed 4864K, reserved 1048576K
}
Event: 18.830 GC heap after
{Heap after GC invocations=5 (full 0):
 garbage-first heap   total 194560K, used 21967K [0x0000000080000000, 0x0000000100000000)
  region size 1024K, 6 young (6144K), 6 survivors (6144K)
 Metaspace       used 34983K, capacity 35782K, committed 35840K, reserved 1081344K
  class space    used 4541K, capacity 4839K, committed 4864K, reserved 1048576K
}
Event: 25.901 GC heap before
{Heap before GC invocations=6 (full 0):
 garbage-first heap   total 194560K, used 130511K [0x0000000080000000, 0x0000000100000000)
  region size 1024K, 109 young (111616K), 6 survivors (6144K)
 Metaspace       used 43958K, capacity 45085K, committed 45184K, reserved 1089536K
  class space    used 5610K, capacity 5987K, committed 6016K, reserved 1048576K
}
Event: 25.920 GC heap after
{Heap after GC invocations=7 (full 0):
 garbage-first heap   total 194560K, used 29383K [0x0000000080000000, 0x0000000100000000)
  region size 1024K, 13 young (13312K), 13 survivors (13312K)
 Metaspace       used 43958K, capacity 45085K, committed 45184K, reserved 1089536K
  class space    used 5610K, capacity 5987K, committed 6016K, reserved 1048576K
}

Deoptimization events (20 events):
Event: 25.779 Thread 0x000002ac1a376000 Uncommon trap: trap_request=0xffffffc6 fr.pc=0x000002ac0b5fc7f8 relative=0x0000000000000218
Event: 25.779 Thread 0x000002ac1a376000 Uncommon trap: reason=bimorphic_or_optimized_type_check action=maybe_recompile pc=0x000002ac0b5fc7f8 method=com.google.common.base.CharMatcher.indexIn(Ljava/lang/CharSequence;I)I @ 31 c2
Event: 25.779 Thread 0x000002ac1a376000 DEOPT PACKING pc=0x000002ac0b5fc7f8 sp=0x000000b083cf8190
Event: 25.779 Thread 0x000002ac1a376000 DEOPT UNPACKING pc=0x000002ac03a7a1af sp=0x000000b083cf8138 mode 2
Event: 25.803 Thread 0x000002ac1a376000 Uncommon trap: trap_request=0xffffffc6 fr.pc=0x000002ac0b5fc7f8 relative=0x0000000000000218
Event: 25.803 Thread 0x000002ac1a376000 Uncommon trap: reason=bimorphic_or_optimized_type_check action=maybe_recompile pc=0x000002ac0b5fc7f8 method=com.google.common.base.CharMatcher.indexIn(Ljava/lang/CharSequence;I)I @ 31 c2
Event: 25.803 Thread 0x000002ac1a376000 DEOPT PACKING pc=0x000002ac0b5fc7f8 sp=0x000000b083cf9aa0
Event: 25.803 Thread 0x000002ac1a376000 DEOPT UNPACKING pc=0x000002ac03a7a1af sp=0x000000b083cf9a48 mode 2
Event: 26.081 Thread 0x000002ac1a376000 Uncommon trap: trap_request=0xffffff4d fr.pc=0x000002ac0b55c8d4 relative=0x0000000000000114
Event: 26.081 Thread 0x000002ac1a376000 Uncommon trap: reason=unstable_if action=reinterpret pc=0x000002ac0b55c8d4 method=java.net.URI.match(CJJ)Z @ 45 c2
Event: 26.081 Thread 0x000002ac1a376000 DEOPT PACKING pc=0x000002ac0b55c8d4 sp=0x000000b083cf8ce0
Event: 26.081 Thread 0x000002ac1a376000 DEOPT UNPACKING pc=0x000002ac03a7a1af sp=0x000000b083cf8c18 mode 2
Event: 26.081 Thread 0x000002ac1a376000 Uncommon trap: trap_request=0xffffff4d fr.pc=0x000002ac0b523768 relative=0x0000000000000048
Event: 26.081 Thread 0x000002ac1a376000 Uncommon trap: reason=unstable_if action=reinterpret pc=0x000002ac0b523768 method=java.net.URI.match(CJJ)Z @ 19 c2
Event: 26.081 Thread 0x000002ac1a376000 DEOPT PACKING pc=0x000002ac0b523768 sp=0x000000b083cf8cf0
Event: 26.081 Thread 0x000002ac1a376000 DEOPT UNPACKING pc=0x000002ac03a7a1af sp=0x000000b083cf8ca0 mode 2
Event: 27.193 Thread 0x000002ac1a376000 Uncommon trap: trap_request=0xffffff4d fr.pc=0x000002ac0b6b6cf8 relative=0x0000000000000758
Event: 27.193 Thread 0x000002ac1a376000 Uncommon trap: reason=unstable_if action=reinterpret pc=0x000002ac0b6b6cf8 method=java.util.regex.Matcher.search(I)Z @ 76 c2
Event: 27.193 Thread 0x000002ac1a376000 DEOPT PACKING pc=0x000002ac0b6b6cf8 sp=0x000000b083cfbc80
Event: 27.193 Thread 0x000002ac1a376000 DEOPT UNPACKING pc=0x000002ac03a7a1af sp=0x000000b083cfbc60 mode 2

Classes redefined (0 events):
No events

Internal exceptions (20 events):
Event: 25.746 Thread 0x000002ac1a376000 Exception <a 'java/lang/ClassNotFoundException'{0x00000000854d1e78}: org/gradle/plugin/use/internal/PluginRequestCollector$PluginDependenciesSpecImplBeanInfo> (0x00000000854d1e78) thrown at [./src/hotspot/share/classfile/systemDictionary.cpp, line 231]
Event: 25.747 Thread 0x000002ac1a376000 Exception <a 'java/lang/ClassNotFoundException'{0x0000000085301260}: org/gradle/plugin/use/internal/PluginRequestCollector$PluginDependenciesSpecImplCustomizer> (0x0000000085301260) thrown at [./src/hotspot/share/classfile/systemDictionary.cpp, line 231]
Event: 25.775 Thread 0x000002ac1a376000 Exception <a 'java/lang/ClassNotFoundException'{0x00000000853690c0}: org/gradle/plugin/use/internal/PluginRequestCollector$PluginDependencySpecImplBeanInfo> (0x00000000853690c0) thrown at [./src/hotspot/share/classfile/systemDictionary.cpp, line 231]
Event: 25.776 Thread 0x000002ac1a376000 Exception <a 'java/lang/ClassNotFoundException'{0x00000000853974c8}: org/gradle/plugin/use/internal/PluginRequestCollector$PluginDependencySpecImplCustomizer> (0x00000000853974c8) thrown at [./src/hotspot/share/classfile/systemDictionary.cpp, line 231]
Event: 26.508 Thread 0x000002ac1a376000 Exception <a 'java/lang/NoSuchMethodError'{0x000000008a7b0bf0}: 'int java.lang.invoke.DirectMethodHandle$Holder.invokeInterface(java.lang.Object, java.lang.Object)'> (0x000000008a7b0bf0) thrown at [./src/hotspot/share/interpreter/linkResolver.cpp, line 773]
Event: 26.509 Thread 0x000002ac1a376000 Exception <a 'java/lang/IncompatibleClassChangeError'{0x000000008a7b46d0}: Found class java.lang.Object, but interface was expected> (0x000000008a7b46d0) thrown at [./src/hotspot/share/interpreter/linkResolver.cpp, line 839]
Event: 26.796 Thread 0x000002ac1a376000 Exception <a 'java/lang/NoSuchMethodError'{0x0000000089e1b4a0}: 'int java.lang.invoke.DirectMethodHandle$Holder.invokeStaticInit(java.lang.Object)'> (0x0000000089e1b4a0) thrown at [./src/hotspot/share/interpreter/linkResolver.cpp, line 773]
Event: 26.887 Thread 0x000002ac1a376000 Exception <a 'java/lang/NoSuchMethodError'{0x0000000089cea3a0}: 'void java.lang.invoke.DirectMethodHandle$Holder.invokeStatic(java.lang.Object, java.lang.Object, java.lang.Object, int, java.lang.Object)'> (0x0000000089cea3a0) thrown at [./src/hotspot/share/interpreter/linkResolver.cpp, line 773]
Event: 27.147 Thread 0x000002ac1a376000 Exception <a 'java/lang/OutOfMemoryError'{0x00000000895219c0}: unable to create native thread: possibly out of memory or process/resource limits reached> (0x00000000895219c0) thrown at [./src/hotspot/share/prims/jvm.cpp, line 2924]
Event: 27.147 Thread 0x000002ac1a376000 Exception <a 'java/lang/reflect/InvocationTargetException'{0x0000000089522f28}> (0x0000000089522f28) thrown at [./src/hotspot/share/runtime/reflection.cpp, line 1247]
Event: 27.167 Thread 0x000002ac1a376000 Exception <a 'java/lang/NoSuchMethodError'{0x00000000895476d8}: 'long java.lang.invoke.DirectMethodHandle$Holder.invokeVirtual(java.lang.Object, java.lang.Object)'> (0x00000000895476d8) thrown at [./src/hotspot/share/interpreter/linkResolver.cpp, line 773]
Event: 27.180 Thread 0x000002ac1a2fa000 Exception <a 'java/lang/NoSuchMethodError'{0x000000008bd08f48}: <clinit>> (0x000000008bd08f48) thrown at [./src/hotspot/share/prims/jni.cpp, line 1365]
Event: 27.185 Thread 0x000002ac1a2fa000 Exception <a 'java/lang/NoSuchMethodError'{0x00000000894163e8}: <clinit>> (0x00000000894163e8) thrown at [./src/hotspot/share/prims/jni.cpp, line 1365]
Event: 27.185 Thread 0x000002ac1a2fa000 Exception <a 'java/lang/NoSuchMethodError'{0x0000000089417648}: <clinit>> (0x0000000089417648) thrown at [./src/hotspot/share/prims/jni.cpp, line 1365]
Event: 27.186 Thread 0x000002ac1a2fa000 Exception <a 'java/lang/NoSuchMethodError'{0x0000000089418950}: <clinit>> (0x0000000089418950) thrown at [./src/hotspot/share/prims/jni.cpp, line 1365]
Event: 27.186 Thread 0x000002ac1a2fa000 Exception <a 'java/lang/NoSuchMethodError'{0x0000000089419970}: <clinit>> (0x0000000089419970) thrown at [./src/hotspot/share/prims/jni.cpp, line 1365]
Event: 27.188 Thread 0x000002ac1a2fa000 Exception <a 'java/lang/NoSuchMethodError'{0x000000008942bd90}: <clinit>> (0x000000008942bd90) thrown at [./src/hotspot/share/prims/jni.cpp, line 1365]
Event: 27.189 Thread 0x000002ac1a2fa000 Exception <a 'java/lang/NoSuchMethodError'{0x0000000089436218}: <clinit>> (0x0000000089436218) thrown at [./src/hotspot/share/prims/jni.cpp, line 1365]
Event: 27.192 Thread 0x000002ac1a2fa000 Exception <a 'java/lang/NoSuchMethodError'{0x0000000089449b68}: <clinit>> (0x0000000089449b68) thrown at [./src/hotspot/share/prims/jni.cpp, line 1365]
Event: 27.195 Thread 0x000002ac1a2fa000 Exception <a 'java/lang/NoSuchMethodError'{0x0000000089464578}: <clinit>> (0x0000000089464578) thrown at [./src/hotspot/share/prims/jni.cpp, line 1365]

Events (20 events):
Event: 27.209 loading class java/time/Clock$SystemClock
Event: 27.212 loading class java/time/Clock$SystemClock done
Event: 27.213 loading class org/gradle/internal/build/ExecutionResult
Event: 27.213 loading class org/gradle/internal/build/ExecutionResult done
Event: 27.213 loading class org/gradle/internal/build/ExecutionResult
Event: 27.213 loading class org/gradle/internal/build/ExecutionResult done
Event: 27.213 loading class org/gradle/internal/build/DefaultBuildLifecycleController
Event: 27.213 loading class org/gradle/internal/build/DefaultBuildLifecycleController done
Event: 27.214 loading class org/gradle/cache/internal/InMemoryCacheController
Event: 27.214 loading class org/gradle/cache/internal/InMemoryCacheController done
Event: 27.214 loading class org/gradle/cache/internal/InMemoryCacheController
Event: 27.214 loading class org/gradle/cache/internal/InMemoryCacheController done
Event: 27.215 loading class org/gradle/internal/buildtree/ProblemReportingBuildActionRunner
Event: 27.215 loading class org/gradle/internal/buildtree/ProblemReportingBuildActionRunner done
Event: 27.216 loading class org/gradle/internal/buildevents/BuildExceptionReporter$FailureDetails
Event: 27.216 loading class org/gradle/internal/buildevents/BuildExceptionReporter$FailureDetails done
Event: 27.216 loading class org/gradle/internal/buildevents/BuildExceptionReporter$ExceptionStyle
Event: 27.216 loading class org/gradle/internal/buildevents/BuildExceptionReporter$ExceptionStyle done
Event: 27.217 loading class org/gradle/internal/logging/text/BufferingStyledTextOutput
Event: 27.217 loading class org/gradle/internal/logging/text/BufferingStyledTextOutput done


Dynamic libraries:
0x00007ff6c8330000 - 0x00007ff6c833a000 	D:\Android Studio\jre\bin\java.exe
0x00007ffd70250000 - 0x00007ffd70464000 	C:\WINDOWS\SYSTEM32\ntdll.dll
0x00007ffd6f2c0000 - 0x00007ffd6f382000 	C:\WINDOWS\System32\KERNEL32.DLL
0x00007ffd6d690000 - 0x00007ffd6da2c000 	C:\WINDOWS\System32\KERNELBASE.dll
0x00007ffd6df40000 - 0x00007ffd6e051000 	C:\WINDOWS\System32\ucrtbase.dll
0x00007ffd440f0000 - 0x00007ffd44109000 	D:\Android Studio\jre\bin\jli.dll
0x00007ffd6eb30000 - 0x00007ffd6ecdb000 	C:\WINDOWS\System32\USER32.dll
0x00007ffd6df10000 - 0x00007ffd6df36000 	C:\WINDOWS\System32\win32u.dll
0x00007ffd518c0000 - 0x00007ffd51b4e000 	C:\WINDOWS\WinSxS\amd64_microsoft.windows.common-controls_6595b64144ccf1df_6.0.22621.436_none_a94247dbc10d8414\COMCTL32.dll
0x00007ffd700f0000 - 0x00007ffd70119000 	C:\WINDOWS\System32\GDI32.dll
0x00007ffd6dc10000 - 0x00007ffd6dd22000 	C:\WINDOWS\System32\gdi32full.dll
0x00007ffd6f1d0000 - 0x00007ffd6f277000 	C:\WINDOWS\System32\msvcrt.dll
0x00007ffd6daf0000 - 0x00007ffd6db8a000 	C:\WINDOWS\System32\msvcp_win.dll
0x00007ffd43df0000 - 0x00007ffd43e07000 	D:\Android Studio\jre\bin\VCRUNTIME140.dll
0x00007ffd6fee0000 - 0x00007ffd6ff11000 	C:\WINDOWS\System32\IMM32.DLL
0x00007ffd2dd60000 - 0x00007ffd2ddfd000 	D:\Android Studio\jre\bin\msvcp140.dll
0x00007ffd2dee0000 - 0x00007ffd2e9c5000 	D:\Android Studio\jre\bin\server\jvm.dll
0x00007ffd6fe30000 - 0x00007ffd6fede000 	C:\WINDOWS\System32\ADVAPI32.dll
0x00007ffd6ea80000 - 0x00007ffd6eb24000 	C:\WINDOWS\System32\sechost.dll
0x00007ffd6ece0000 - 0x00007ffd6edf5000 	C:\WINDOWS\System32\RPCRT4.dll
0x00007ffd6f280000 - 0x00007ffd6f288000 	C:\WINDOWS\System32\PSAPI.DLL
0x00007ffcfad00000 - 0x00007ffcfad09000 	C:\WINDOWS\SYSTEM32\WSOCK32.dll
0x00007ffd664c0000 - 0x00007ffd664f4000 	C:\WINDOWS\SYSTEM32\WINMM.dll
0x00007ffd65470000 - 0x00007ffd6547a000 	C:\WINDOWS\SYSTEM32\VERSION.dll
0x00007ffd6ff20000 - 0x00007ffd6ff91000 	C:\WINDOWS\System32\WS2_32.dll
0x00007ffd6c680000 - 0x00007ffd6c698000 	C:\WINDOWS\SYSTEM32\kernel.appcore.dll
0x00007ffd43740000 - 0x00007ffd43751000 	D:\Android Studio\jre\bin\verify.dll
0x00007ffd6b090000 - 0x00007ffd6b2be000 	C:\WINDOWS\SYSTEM32\DBGHELP.DLL
0x00007ffd6e6f0000 - 0x00007ffd6ea79000 	C:\WINDOWS\System32\combase.dll
0x00007ffd6ffa0000 - 0x00007ffd70077000 	C:\WINDOWS\System32\OLEAUT32.dll
0x00007ffd4fe60000 - 0x00007ffd4fe92000 	C:\WINDOWS\SYSTEM32\dbgcore.DLL
0x00007ffd6db90000 - 0x00007ffd6dc0b000 	C:\WINDOWS\System32\bcryptPrimitives.dll
0x00007ffd3fec0000 - 0x00007ffd3fee9000 	D:\Android Studio\jre\bin\java.dll
0x00007ffd52360000 - 0x00007ffd5236b000 	D:\Android Studio\jre\bin\jimage.dll
0x00007ffd38830000 - 0x00007ffd38848000 	D:\Android Studio\jre\bin\zip.dll
0x00007ffd6f390000 - 0x00007ffd6fb6b000 	C:\WINDOWS\System32\SHELL32.dll
0x00007ffd6b6a0000 - 0x00007ffd6bf55000 	C:\WINDOWS\SYSTEM32\windows.storage.dll
0x00007ffd6b560000 - 0x00007ffd6b69d000 	C:\WINDOWS\SYSTEM32\wintypes.dll
0x00007ffd6fb70000 - 0x00007ffd6fc61000 	C:\WINDOWS\System32\SHCORE.dll
0x00007ffd6ee00000 - 0x00007ffd6ee5e000 	C:\WINDOWS\System32\shlwapi.dll
0x00007ffd6d5c0000 - 0x00007ffd6d5e1000 	C:\WINDOWS\SYSTEM32\profapi.dll
0x00007ffd38120000 - 0x00007ffd3813a000 	D:\Android Studio\jre\bin\net.dll
0x00007ffd65570000 - 0x00007ffd6569f000 	C:\WINDOWS\SYSTEM32\WINHTTP.dll
0x00007ffd6cb90000 - 0x00007ffd6cbf9000 	C:\WINDOWS\system32\mswsock.dll
0x00007ffd38100000 - 0x00007ffd38114000 	D:\Android Studio\jre\bin\nio.dll
0x00007ffd4f4e0000 - 0x00007ffd4f507000 	D:\BrainBooster\native\e1d6ef7f7dcc3fd88c89a11ec53ec762bb8ba0a96d01ffa2cd45eb1d1d8dd5c5\windows-amd64\native-platform.dll
0x00007ffd05340000 - 0x00007ffd05484000 	D:\BrainBooster\native\5664cfc778a61ccfe75a443a1ab52a65af34e5dc3c78e0209fed803814484fcb\windows-amd64\native-platform-file-events.dll
0x00007ffd43dd0000 - 0x00007ffd43dda000 	D:\Android Studio\jre\bin\management.dll
0x00007ffd38820000 - 0x00007ffd3882d000 	D:\Android Studio\jre\bin\management_ext.dll
0x00007ffd6ce40000 - 0x00007ffd6ce5b000 	C:\WINDOWS\SYSTEM32\CRYPTSP.dll
0x00007ffd6c640000 - 0x00007ffd6c675000 	C:\WINDOWS\system32\rsaenh.dll
0x00007ffd6cc50000 - 0x00007ffd6cc78000 	C:\WINDOWS\SYSTEM32\USERENV.dll
0x00007ffd6d060000 - 0x00007ffd6d088000 	C:\WINDOWS\SYSTEM32\bcrypt.dll
0x00007ffd6ce30000 - 0x00007ffd6ce3c000 	C:\WINDOWS\SYSTEM32\CRYPTBASE.dll
0x00007ffd6c1b0000 - 0x00007ffd6c1dd000 	C:\WINDOWS\SYSTEM32\IPHLPAPI.DLL
0x00007ffd6f1c0000 - 0x00007ffd6f1c9000 	C:\WINDOWS\System32\NSI.dll
0x00007ffd65480000 - 0x00007ffd65499000 	C:\WINDOWS\SYSTEM32\dhcpcsvc6.DLL
0x00007ffd65340000 - 0x00007ffd6535f000 	C:\WINDOWS\SYSTEM32\dhcpcsvc.DLL
0x00007ffd6c220000 - 0x00007ffd6c312000 	C:\WINDOWS\SYSTEM32\DNSAPI.dll

dbghelp: loaded successfully - version: 4.0.5 - missing functions: none
symbol engine: initialized successfully - sym options: 0x614 - pdb path: .;D:\Android Studio\jre\bin;C:\WINDOWS\SYSTEM32;C:\WINDOWS\WinSxS\amd64_microsoft.windows.common-controls_6595b64144ccf1df_6.0.22621.436_none_a94247dbc10d8414;D:\Android Studio\jre\bin\server;D:\BrainBooster\native\e1d6ef7f7dcc3fd88c89a11ec53ec762bb8ba0a96d01ffa2cd45eb1d1d8dd5c5\windows-amd64;D:\BrainBooster\native\5664cfc778a61ccfe75a443a1ab52a65af34e5dc3c78e0209fed803814484fcb\windows-amd64

VM Arguments:
jvm_args: --add-opens=java.base/java.util=ALL-UNNAMED --add-opens=java.base/java.lang=ALL-UNNAMED --add-opens=java.base/java.lang.invoke=ALL-UNNAMED --add-opens=java.base/java.util=ALL-UNNAMED --add-opens=java.prefs/java.util.prefs=ALL-UNNAMED --add-opens=java.prefs/java.util.prefs=ALL-UNNAMED --add-opens=java.base/java.nio.charset=ALL-UNNAMED --add-opens=java.base/java.net=ALL-UNNAMED --add-opens=java.base/java.util.concurrent.atomic=ALL-UNNAMED -Xmx2048m -Dfile.encoding=UTF-8 -Duser.country=IN -Duser.language=en -Duser.variant 
java_command: org.gradle.launcher.daemon.bootstrap.GradleDaemon 7.3.3
java_class_path (initial): D:\BrainBooster\wrapper\dists\gradle-7.3.3-bin\6a41zxkdtcxs8rphpq6y0069z\gradle-7.3.3\lib\gradle-launcher-7.3.3.jar
Launcher Type: SUN_STANDARD

[Global flags]
     intx CICompilerCount                          = 4                                         {product} {ergonomic}
     uint ConcGCThreads                            = 2                                         {product} {ergonomic}
     uint G1ConcRefinementThreads                  = 8                                         {product} {ergonomic}
   size_t G1HeapRegionSize                         = 1048576                                   {product} {ergonomic}
    uintx GCDrainStackTargetSize                   = 64                                        {product} {ergonomic}
   size_t InitialHeapSize                          = 199229440                                 {product} {ergonomic}
   size_t MarkStackSize                            = 4194304                                   {product} {ergonomic}
   size_t MaxHeapSize                              = 2147483648                                {product} {command line}
   size_t MaxNewSize                               = 1287651328                                {product} {ergonomic}
   size_t MinHeapDeltaBytes                        = 1048576                                   {product} {ergonomic}
    uintx NonNMethodCodeHeapSize                   = 5836300                                {pd product} {ergonomic}
    uintx NonProfiledCodeHeapSize                  = 122910970                              {pd product} {ergonomic}
    uintx ProfiledCodeHeapSize                     = 122910970                              {pd product} {ergonomic}
    uintx ReservedCodeCacheSize                    = 251658240                              {pd product} {ergonomic}
     bool SegmentedCodeCache                       = true                                      {product} {ergonomic}
     bool UseCompressedClassPointers               = true                                 {lp64_product} {ergonomic}
     bool UseCompressedOops                        = true                                 {lp64_product} {ergonomic}
     bool UseG1GC                                  = true                                      {product} {ergonomic}
     bool UseLargePagesIndividualAllocation        = false                                  {pd product} {ergonomic}

Logging:
Log output configuration:
 #0: stdout all=warning uptime,level,tags
 #1: stderr all=off uptime,level,tags

Environment Variables:
JAVA_HOME=C:\Program Files\Java\jdk-17.0.1
CLASSPATH=C:\Program Files\Apache Software Foundation\Tomcat 8.5\lib\servlet-api.jar;
PATH=D:\WINDOWS.X64_193000_db_home\bin;C:\Python310\Scripts\;C:\Python310\;C:\Python39\Scripts\;C:\Python39\;C:\WINDOWS\system32;C:\WINDOWS;C:\WINDOWS\System32\Wbem;C:\WINDOWS\System32\WindowsPowerShell\v1.0\;C:\WINDOWS\System32\OpenSSH\;C:\ProgramData\chocolatey\bin;C:\Program Files\Java\jdk-17.0.1;C:\Program Files\OpenJDK\openjdk-8u312-b07\bin;C:\Users\Khushal\AppData\Local\Android\Sdk\platform-tools;C:\Program Files\nodejs;C:\Program Files\Git\cmd;C:\Users\Khushal\AppData\Local\Microsoft\WindowsApps;D:\VS Code\Microsoft VS Code\bin;C:\Program Files\MongoDB\Server\5.0\bin;C:\Users\Khushal\AppData\Roaming\npm;C:\Program Files\JetBrains\PyCharm Community Edition 2021.3.2\bin;;C:\Users\Khushal\AppData\Local\GitHubDesktop\bin;
USERNAME=Khushal
OS=Windows_NT
PROCESSOR_IDENTIFIER=Intel64 Family 6 Model 158 Stepping 10, GenuineIntel



---------------  S Y S T E M  ---------------

OS: Windows 10 , 64 bit Build 22621 (10.0.22621.436)
OS uptime: 0 days 0:13 hours
Hyper-V role detected

CPU:total 8 (initial active 8) (4 cores per cpu, 2 threads per core) family 6 model 158 stepping 10 microcode 0xea, cmov, cx8, fxsr, mmx, sse, sse2, sse3, ssse3, sse4.1, sse4.2, popcnt, avx, avx2, aes, clmul, erms, 3dnowpref, lzcnt, ht, tsc, tscinvbit, bmi1, bmi2, adx, fma

Memory: 4k page, system-wide physical 12096M (271M free)
TotalPageFile size 29120M (AvailPageFile size 8M)
current process WorkingSet (physical memory assigned to process): 267M, peak: 267M
current process commit charge ("private bytes"): 375M, peak: 379M

vm_info: OpenJDK 64-Bit Server VM (11.0.12+7-b1504.28-7817840) for windows-amd64 JRE (11.0.12+7-b1504.28-7817840), built on Oct 13 2021 22:12:33 by "builder" with MS VC++ 14.0 (VS2015)

END.
